1570055775012	mozrunner::runner	INFO	Running command: "/usr/bin/firefox" "-marionette" "-headless" "-foreground" "-no-remote" "-profile" "/tmp/rust_mozprofile.NjTMsLljk7KZ"
*** You are running in headless mode.
1570055775384	addons.webextension.screenshots@mozilla.org	WARN	Loading extension 'screenshots@mozilla.org': Reading manifest: Invalid extension permission: mozillaAddons
1570055775384	addons.webextension.screenshots@mozilla.org	WARN	Loading extension 'screenshots@mozilla.org': Reading manifest: Invalid extension permission: resource://pdf.js/
1570055775384	addons.webextension.screenshots@mozilla.org	WARN	Loading extension 'screenshots@mozilla.org': Reading manifest: Invalid extension permission: about:reader*
1570055776300	Marionette	INFO	Listening on port 45425
1570055776331	Marionette	WARN	TLS certificate errors will be ignored for this session
1570055779225	Marionette	WARN	TimedPromise timed out after 500 ms: stacktrace:
bail@chrome://marionette/content/sync.js:224:64
JavaScript warning: https://zimbra.cucea.udg.mx/, line 6022: unreachable code after return statement
JavaScript warning: https://zimbra.cucea.udg.mx/, line 6022: unreachable code after return statement
console.error: BroadcastService: 
  receivedBroadcastMessage: handler for
  remote-settings/monitor_changes
  threw error:
  Message: Error: Polling for changes failed: NetworkError when attempting to fetch resource..
  Stack:
    remoteSettingsFunction/remoteSettings.pollChanges@resource://services-settings/remote-settings.js:190:13

JavaScript warning: https://zimbra.cucea.udg.mx/ line 1688 > eval, line 6022: unreachable code after return statement
1570055798172	Marionette	WARN	TimedPromise timed out after 500 ms: stacktrace:
bail@chrome://marionette/content/sync.js:224:64
1570055798597	Marionette	INFO	Stopped listening on port 45425
1570055952780	mozrunner::runner	INFO	Running command: "/usr/bin/firefox" "-marionette" "-headless" "-foreground" "-no-remote" "-profile" "/tmp/rust_mozprofile.qVSkRrv2QBsI"
*** You are running in headless mode.
1570055953160	addons.webextension.screenshots@mozilla.org	WARN	Loading extension 'screenshots@mozilla.org': Reading manifest: Invalid extension permission: mozillaAddons
1570055953160	addons.webextension.screenshots@mozilla.org	WARN	Loading extension 'screenshots@mozilla.org': Reading manifest: Invalid extension permission: resource://pdf.js/
1570055953160	addons.webextension.screenshots@mozilla.org	WARN	Loading extension 'screenshots@mozilla.org': Reading manifest: Invalid extension permission: about:reader*
1570055954072	Marionette	INFO	Listening on port 33555
1570055954105	Marionette	WARN	TLS certificate errors will be ignored for this session
1570055956792	Marionette	WARN	TimedPromise timed out after 500 ms: stacktrace:
bail@chrome://marionette/content/sync.js:224:64
JavaScript warning: https://zimbra.cucea.udg.mx/, line 6022: unreachable code after return statement
1570055971973	Marionette	INFO	Stopped listening on port 33555
[Parent 7883, Gecko_IOThread] WARNING: pipe error (67): Connection reset by peer: file /builddir/build/BUILD/firefox-66.0.4/ipc/chromium/src/chrome/common/ipc_channel_posix.cc, line 357
1570495690536	mozrunner::runner	INFO	Running command: "/usr/bin/firefox" "-marionette" "-headless" "-foreground" "-no-remote" "-profile" "/tmp/rust_mozprofile.8xTLD41Suj4D"
*** You are running in headless mode.

(firefox:14463): Gtk-WARNING **: 19:48:10.691: Locale not supported by C library.
	Using the fallback 'C' locale.
1570495693760	addons.webextension.screenshots@mozilla.org	WARN	Loading extension 'screenshots@mozilla.org': Reading manifest: Invalid extension permission: mozillaAddons
1570495693760	addons.webextension.screenshots@mozilla.org	WARN	Loading extension 'screenshots@mozilla.org': Reading manifest: Invalid extension permission: resource://pdf.js/
1570495693760	addons.webextension.screenshots@mozilla.org	WARN	Loading extension 'screenshots@mozilla.org': Reading manifest: Invalid extension permission: about:reader*
1570495697702	Marionette	INFO	Listening on port 43225
1570495697784	Marionette	WARN	TLS certificate errors will be ignored for this session
1570495701191	Marionette	WARN	TimedPromise timed out after 500 ms: stacktrace:
bail@chrome://marionette/content/sync.js:224:64
JavaScript warning: https://zimbra.cucea.udg.mx/, line 6022: unreachable code after return statement
JavaScript error: resource://gre/modules/WebProgressChild.jsm, line 61: TypeError: this.mm.content is null
console.error: BroadcastService: 
  receivedBroadcastMessage: handler for
  remote-settings/monitor_changes
  threw error:
  Message: Error: Polling for changes failed: NetworkError when attempting to fetch resource..
  Stack:
    remoteSettingsFunction/remoteSettings.pollChanges@resource://services-settings/remote-settings.js:190:13

1570495880528	mozrunner::runner	INFO	Running command: "/usr/bin/firefox" "-marionette" "-headless" "-foreground" "-no-remote" "-profile" "/tmp/rust_mozprofile.kGZIxCBXR4xV"
*** You are running in headless mode.

(firefox:14967): Gtk-WARNING **: 19:51:20.601: Locale not supported by C library.
	Using the fallback 'C' locale.
1570495880903	addons.webextension.screenshots@mozilla.org	WARN	Loading extension 'screenshots@mozilla.org': Reading manifest: Invalid extension permission: mozillaAddons
1570495880903	addons.webextension.screenshots@mozilla.org	WARN	Loading extension 'screenshots@mozilla.org': Reading manifest: Invalid extension permission: resource://pdf.js/
1570495880903	addons.webextension.screenshots@mozilla.org	WARN	Loading extension 'screenshots@mozilla.org': Reading manifest: Invalid extension permission: about:reader*
1570495881909	Marionette	INFO	Listening on port 42345
1570495881959	Marionette	WARN	TLS certificate errors will be ignored for this session
1570495885249	Marionette	WARN	TimedPromise timed out after 500 ms: stacktrace:
bail@chrome://marionette/content/sync.js:224:64
JavaScript warning: https://zimbra.cucea.udg.mx/, line 6022: unreachable code after return statement
console.error: BroadcastService: 
  receivedBroadcastMessage: handler for
  remote-settings/monitor_changes
  threw error:
  Message: Error: Polling for changes failed: NetworkError when attempting to fetch resource..
  Stack:
    remoteSettingsFunction/remoteSettings.pollChanges@resource://services-settings/remote-settings.js:190:13

1570495942817	mozrunner::runner	INFO	Running command: "/usr/bin/firefox" "-marionette" "-headless" "-foreground" "-no-remote" "-profile" "/tmp/rust_mozprofile.Gbmqyoz6nPj4"
*** You are running in headless mode.

(firefox:15361): Gtk-WARNING **: 19:52:22.881: Locale not supported by C library.
	Using the fallback 'C' locale.
1570495943188	addons.webextension.screenshots@mozilla.org	WARN	Loading extension 'screenshots@mozilla.org': Reading manifest: Invalid extension permission: mozillaAddons
1570495943189	addons.webextension.screenshots@mozilla.org	WARN	Loading extension 'screenshots@mozilla.org': Reading manifest: Invalid extension permission: resource://pdf.js/
1570495943189	addons.webextension.screenshots@mozilla.org	WARN	Loading extension 'screenshots@mozilla.org': Reading manifest: Invalid extension permission: about:reader*
1570495944119	Marionette	INFO	Listening on port 32975
1570495944124	Marionette	WARN	TLS certificate errors will be ignored for this session
1570495948114	Marionette	WARN	TimedPromise timed out after 500 ms: stacktrace:
bail@chrome://marionette/content/sync.js:224:64
JavaScript warning: https://zimbra.cucea.udg.mx/, line 6022: unreachable code after return statement
console.error: BroadcastService: 
  receivedBroadcastMessage: handler for
  remote-settings/monitor_changes
  threw error:
  Message: Error: Polling for changes failed: NetworkError when attempting to fetch resource..
  Stack:
    remoteSettingsFunction/remoteSettings.pollChanges@resource://services-settings/remote-settings.js:190:13

1570496046372	mozrunner::runner	INFO	Running command: "/usr/bin/firefox" "-marionette" "-foreground" "-no-remote" "-profile" "/tmp/rust_mozprofile.4SnY2KhEhnih"

(firefox:15819): Gtk-WARNING **: 19:54:06.437: Locale not supported by C library.
	Using the fallback 'C' locale.
1570496046771	addons.webextension.screenshots@mozilla.org	WARN	Loading extension 'screenshots@mozilla.org': Reading manifest: Invalid extension permission: mozillaAddons
1570496046771	addons.webextension.screenshots@mozilla.org	WARN	Loading extension 'screenshots@mozilla.org': Reading manifest: Invalid extension permission: resource://pdf.js/
1570496046772	addons.webextension.screenshots@mozilla.org	WARN	Loading extension 'screenshots@mozilla.org': Reading manifest: Invalid extension permission: about:reader*

(firefox:15819): IBUS-WARNING **: 19:54:07.119: Unable to connect to ibus: Could not connect: Connection refused

(/usr/lib64/firefox/firefox:16000): Gtk-WARNING **: 19:54:07.277: Locale not supported by C library.
	Using the fallback 'C' locale.

(/usr/lib64/firefox/firefox:16023): Gtk-WARNING **: 19:54:07.440: Locale not supported by C library.
	Using the fallback 'C' locale.
1570496048553	Marionette	INFO	Listening on port 36859
1570496048597	Marionette	WARN	TLS certificate errors will be ignored for this session

(/usr/lib64/firefox/firefox:16100): Gtk-WARNING **: 19:54:08.747: Locale not supported by C library.
	Using the fallback 'C' locale.

(firefox:15819): GLib-GObject-WARNING **: 19:54:10.519: gsignal.c:3492: signal name 'selection_changed' is invalid for instance '0x7fd2d1f703d0' of type 'MaiAtkType139'

(firefox:15819): GLib-GObject-WARNING **: 19:54:10.753: gsignal.c:3492: signal name 'selection_changed' is invalid for instance '0x7fd2d1f703d0' of type 'MaiAtkType139'

(firefox:15819): GLib-GObject-WARNING **: 19:54:11.041: gsignal.c:3492: signal name 'selection_changed' is invalid for instance '0x7fd2d1f706a0' of type 'MaiAtkType139'

(firefox:15819): GLib-GObject-WARNING **: 19:54:12.438: gsignal.c:3492: signal name 'selection_changed' is invalid for instance '0x7fd2cdd75830' of type 'MaiAtkType939'
1570496052854	Marionette	WARN	TimedPromise timed out after 500 ms: stacktrace:
bail@chrome://marionette/content/sync.js:224:64
JavaScript warning: https://zimbra.cucea.udg.mx/, line 6022: unreachable code after return statement

(firefox:15819): GLib-GObject-WARNING **: 19:54:14.510: gsignal.c:3492: signal name 'selection_changed' is invalid for instance '0x7fd2e21d1650' of type 'MaiAtkType139'

(firefox:15819): GLib-GObject-WARNING **: 19:54:14.974: gsignal.c:3492: signal name 'load_complete' is invalid for instance '0x7fd2cdc82880' of type 'MaiAtkType139'
JavaScript error: resource://gre/modules/WebProgressChild.jsm, line 61: TypeError: this.mm.content is null
1570496419783	Marionette	WARN	TimedPromise timed out after 500 ms: stacktrace:
bail@chrome://marionette/content/sync.js:224:64

(firefox:15819): GLib-GObject-WARNING **: 20:00:21.284: gsignal.c:3492: signal name 'load_complete' is invalid for instance '0x7fd2cdd8d3d0' of type 'MaiAtkType13b'

(firefox:15819): GLib-GObject-WARNING **: 20:00:23.286: gsignal.c:3492: signal name 'selection_changed' is invalid for instance '0x7fd2cdd8d3d0' of type 'MaiAtkType13b'
1570496500147	Marionette	INFO	Stopped listening on port 42345
1570496500154	Marionette	INFO	Stopped listening on port 43225

###!!! [Parent][RunMessage] Error: Channel closing: too late to send/recv, messages will be lost

1570496500195	Marionette	INFO	Stopped listening on port 32975
1570559928854	mozrunner::runner	INFO	Running command: "/usr/bin/firefox" "-marionette" "-foreground" "-no-remote" "-profile" "/tmp/rust_mozprofile.YvVpfLs2Jh5S"
1570559930119	addons.webextension.screenshots@mozilla.org	WARN	Loading extension 'screenshots@mozilla.org': Reading manifest: Invalid extension permission: mozillaAddons
1570559930119	addons.webextension.screenshots@mozilla.org	WARN	Loading extension 'screenshots@mozilla.org': Reading manifest: Invalid extension permission: resource://pdf.js/
1570559930119	addons.webextension.screenshots@mozilla.org	WARN	Loading extension 'screenshots@mozilla.org': Reading manifest: Invalid extension permission: about:reader*
1570559931576	Marionette	INFO	Listening on port 45395
1570559931608	Marionette	WARN	TLS certificate errors will be ignored for this session

(firefox:9638): GLib-GObject-WARNING **: 13:38:52.756: gsignal.c:3492: signal name 'selection_changed' is invalid for instance '0x7f2c843561f0' of type 'MaiAtkType139'

(firefox:9638): GLib-GObject-WARNING **: 13:38:52.998: gsignal.c:3492: signal name 'selection_changed' is invalid for instance '0x7f2c843561f0' of type 'MaiAtkType139'

(firefox:9638): GLib-GObject-WARNING **: 13:38:53.279: gsignal.c:3492: signal name 'selection_changed' is invalid for instance '0x7f2c84356470' of type 'MaiAtkType139'

(firefox:9638): GLib-GObject-WARNING **: 13:38:54.673: gsignal.c:3492: signal name 'selection_changed' is invalid for instance '0x7f2c7e8d0830' of type 'MaiAtkType939'
Exiting due to channel error.
Exiting due to channel error.
Exiting due to channel error.
1570559962346	mozrunner::runner	INFO	Running command: "/usr/bin/firefox" "-marionette" "-headless" "-foreground" "-no-remote" "-profile" "/tmp/rust_mozprofile.uGPul5YtnpjR"
*** You are running in headless mode.
1570559962707	addons.webextension.screenshots@mozilla.org	WARN	Loading extension 'screenshots@mozilla.org': Reading manifest: Invalid extension permission: mozillaAddons
1570559962707	addons.webextension.screenshots@mozilla.org	WARN	Loading extension 'screenshots@mozilla.org': Reading manifest: Invalid extension permission: resource://pdf.js/
1570559962707	addons.webextension.screenshots@mozilla.org	WARN	Loading extension 'screenshots@mozilla.org': Reading manifest: Invalid extension permission: about:reader*
1570559963591	Marionette	INFO	Listening on port 35097
1570559963667	Marionette	WARN	TLS certificate errors will be ignored for this session
1570559967091	Marionette	WARN	TimedPromise timed out after 500 ms: stacktrace:
bail@chrome://marionette/content/sync.js:224:64
JavaScript warning: https://zimbra.cucea.udg.mx/, line 6022: unreachable code after return statement
JavaScript error: resource://gre/modules/WebProgressChild.jsm, line 61: TypeError: this.mm.content is null
1570559969162	Marionette	INFO	Stopped listening on port 35097
[Parent 10037, Gecko_IOThread] WARNING: pipe error (67): Connection reset by peer: file /builddir/build/BUILD/firefox-66.0.4/ipc/chromium/src/chrome/common/ipc_channel_posix.cc, line 357
1570560003964	mozrunner::runner	INFO	Running command: "/usr/bin/firefox" "-marionette" "-headless" "-foreground" "-no-remote" "-profile" "/tmp/rust_mozprofile.3HMKJBK5f5Ek"
*** You are running in headless mode.
1570560004329	addons.webextension.screenshots@mozilla.org	WARN	Loading extension 'screenshots@mozilla.org': Reading manifest: Invalid extension permission: mozillaAddons
1570560004329	addons.webextension.screenshots@mozilla.org	WARN	Loading extension 'screenshots@mozilla.org': Reading manifest: Invalid extension permission: resource://pdf.js/
1570560004329	addons.webextension.screenshots@mozilla.org	WARN	Loading extension 'screenshots@mozilla.org': Reading manifest: Invalid extension permission: about:reader*
1570560005300	Marionette	INFO	Listening on port 32923
1570560005369	Marionette	WARN	TLS certificate errors will be ignored for this session
1570560008392	Marionette	WARN	TimedPromise timed out after 500 ms: stacktrace:
bail@chrome://marionette/content/sync.js:224:64
JavaScript warning: https://zimbra.cucea.udg.mx/, line 6022: unreachable code after return statement
JavaScript error: resource://gre/modules/WebProgressChild.jsm, line 61: TypeError: this.mm.content is null
1570560010432	Marionette	INFO	Stopped listening on port 32923
[Parent 10428, Gecko_IOThread] WARNING: pipe error (67): Connection reset by peer: file /builddir/build/BUILD/firefox-66.0.4/ipc/chromium/src/chrome/common/ipc_channel_posix.cc, line 357
1570560153485	mozrunner::runner	INFO	Running command: "/usr/bin/firefox" "-marionette" "-headless" "-foreground" "-no-remote" "-profile" "/tmp/rust_mozprofile.CPI1tcRSVPeg"
*** You are running in headless mode.
1570560153848	addons.webextension.screenshots@mozilla.org	WARN	Loading extension 'screenshots@mozilla.org': Reading manifest: Invalid extension permission: mozillaAddons
1570560153848	addons.webextension.screenshots@mozilla.org	WARN	Loading extension 'screenshots@mozilla.org': Reading manifest: Invalid extension permission: resource://pdf.js/
1570560153848	addons.webextension.screenshots@mozilla.org	WARN	Loading extension 'screenshots@mozilla.org': Reading manifest: Invalid extension permission: about:reader*
1570560154777	Marionette	INFO	Listening on port 41843
1570560154811	Marionette	WARN	TLS certificate errors will be ignored for this session
1570560158601	Marionette	WARN	TimedPromise timed out after 500 ms: stacktrace:
bail@chrome://marionette/content/sync.js:224:64
JavaScript warning: https://zimbra.cucea.udg.mx/, line 6022: unreachable code after return statement
1570560173813	Marionette	INFO	Stopped listening on port 41843
1570560428639	mozrunner::runner	INFO	Running command: "/usr/bin/firefox" "-marionette" "-headless" "-foreground" "-no-remote" "-profile" "/tmp/rust_mozprofile.6citpEH6e8C4"
*** You are running in headless mode.

(firefox:11905): Gtk-WARNING **: 13:47:08.696: Locale not supported by C library.
	Using the fallback 'C' locale.
1570560429004	addons.webextension.screenshots@mozilla.org	WARN	Loading extension 'screenshots@mozilla.org': Reading manifest: Invalid extension permission: mozillaAddons
1570560429005	addons.webextension.screenshots@mozilla.org	WARN	Loading extension 'screenshots@mozilla.org': Reading manifest: Invalid extension permission: resource://pdf.js/
1570560429005	addons.webextension.screenshots@mozilla.org	WARN	Loading extension 'screenshots@mozilla.org': Reading manifest: Invalid extension permission: about:reader*
1570560430933	Marionette	INFO	Listening on port 36445
1570560430980	Marionette	WARN	TLS certificate errors will be ignored for this session
1570560450680	mozrunner::runner	INFO	Running command: "/usr/bin/firefox" "-marionette" "-foreground" "-no-remote" "-profile" "/tmp/rust_mozprofile.u3KD97NoF3Vg"

(firefox:12290): Gtk-WARNING **: 13:47:30.755: Locale not supported by C library.
	Using the fallback 'C' locale.
console.error: BroadcastService: 
  receivedBroadcastMessage: handler for
  remote-settings/monitor_changes
  threw error:
  Message: Error: Polling for changes failed: NetworkError when attempting to fetch resource..
  Stack:
    remoteSettingsFunction/remoteSettings.pollChanges@resource://services-settings/remote-settings.js:190:13

1570560451156	addons.webextension.screenshots@mozilla.org	WARN	Loading extension 'screenshots@mozilla.org': Reading manifest: Invalid extension permission: mozillaAddons
1570560451156	addons.webextension.screenshots@mozilla.org	WARN	Loading extension 'screenshots@mozilla.org': Reading manifest: Invalid extension permission: resource://pdf.js/
1570560451156	addons.webextension.screenshots@mozilla.org	WARN	Loading extension 'screenshots@mozilla.org': Reading manifest: Invalid extension permission: about:reader*

(/usr/lib64/firefox/firefox:12468): Gtk-WARNING **: 13:47:31.619: Locale not supported by C library.
	Using the fallback 'C' locale.

(/usr/lib64/firefox/firefox:12492): Gtk-WARNING **: 13:47:31.791: Locale not supported by C library.
	Using the fallback 'C' locale.
1570560452814	Marionette	INFO	Listening on port 44881

(/usr/lib64/firefox/firefox:12575): Gtk-WARNING **: 13:47:32.920: Locale not supported by C library.
	Using the fallback 'C' locale.
1570560452950	Marionette	WARN	TLS certificate errors will be ignored for this session

(firefox:12290): GLib-GObject-WARNING **: 13:47:34.201: gsignal.c:3492: signal name 'selection_changed' is invalid for instance '0x7f456f3e7330' of type 'MaiAtkType139'

(firefox:12290): GLib-GObject-WARNING **: 13:47:34.579: gsignal.c:3492: signal name 'selection_changed' is invalid for instance '0x7f456f3e7330' of type 'MaiAtkType139'

(firefox:12290): GLib-GObject-WARNING **: 13:47:34.875: gsignal.c:3492: signal name 'selection_changed' is invalid for instance '0x7f456f3e7600' of type 'MaiAtkType139'

(firefox:12290): GLib-GObject-WARNING **: 13:47:36.289: gsignal.c:3492: signal name 'selection_changed' is invalid for instance '0x7f456f4f6c40' of type 'MaiAtkType939'
1570560456718	Marionette	WARN	TimedPromise timed out after 500 ms: stacktrace:
bail@chrome://marionette/content/sync.js:224:64
JavaScript warning: https://zimbra.cucea.udg.mx/, line 6022: unreachable code after return statement

(firefox:12290): GLib-GObject-WARNING **: 13:47:38.317: gsignal.c:3492: signal name 'selection_changed' is invalid for instance '0x7f4570242e70' of type 'MaiAtkType139'

(firefox:12290): GLib-GObject-WARNING **: 13:47:38.812: gsignal.c:3492: signal name 'load_complete' is invalid for instance '0x7f456eb409c0' of type 'MaiAtkType139'
JavaScript error: resource://gre/modules/WebProgressChild.jsm, line 61: TypeError: this.mm.content is null
[Parent 12290, Gecko_IOThread] WARNING: pipe error (105): Connection reset by peer: file /builddir/build/BUILD/firefox-66.0.4/ipc/chromium/src/chrome/common/ipc_channel_posix.cc, line 357
1570560514402	Marionette	INFO	Stopped listening on port 44881
1570560521124	mozrunner::runner	INFO	Running command: "/usr/bin/firefox" "-marionette" "-foreground" "-no-remote" "-profile" "/tmp/rust_mozprofile.IGZppxKUCeYW"

(firefox:12703): Gtk-WARNING **: 13:48:41.191: Locale not supported by C library.
	Using the fallback 'C' locale.
1570560521507	addons.webextension.screenshots@mozilla.org	WARN	Loading extension 'screenshots@mozilla.org': Reading manifest: Invalid extension permission: mozillaAddons
1570560521508	addons.webextension.screenshots@mozilla.org	WARN	Loading extension 'screenshots@mozilla.org': Reading manifest: Invalid extension permission: resource://pdf.js/
1570560521508	addons.webextension.screenshots@mozilla.org	WARN	Loading extension 'screenshots@mozilla.org': Reading manifest: Invalid extension permission: about:reader*

(/usr/lib64/firefox/firefox:12882): Gtk-WARNING **: 13:48:41.933: Locale not supported by C library.
	Using the fallback 'C' locale.

(/usr/lib64/firefox/firefox:12905): Gtk-WARNING **: 13:48:42.099: Locale not supported by C library.
	Using the fallback 'C' locale.
1570560523103	Marionette	INFO	Listening on port 40319
1570560523139	Marionette	WARN	TLS certificate errors will be ignored for this session

(/usr/lib64/firefox/firefox:12987): Gtk-WARNING **: 13:48:43.282: Locale not supported by C library.
	Using the fallback 'C' locale.

(firefox:12703): GLib-GObject-WARNING **: 13:48:45.382: gsignal.c:3492: signal name 'selection_changed' is invalid for instance '0x7f770f2947e0' of type 'MaiAtkType139'

(firefox:12703): GLib-GObject-WARNING **: 13:48:45.638: gsignal.c:3492: signal name 'selection_changed' is invalid for instance '0x7f770f2947e0' of type 'MaiAtkType139'

(firefox:12703): GLib-GObject-WARNING **: 13:48:45.922: gsignal.c:3492: signal name 'selection_changed' is invalid for instance '0x7f770f294a60' of type 'MaiAtkType139'

(firefox:12703): GLib-GObject-WARNING **: 13:48:47.238: gsignal.c:3492: signal name 'selection_changed' is invalid for instance '0x7f77100f9380' of type 'MaiAtkType939'
1570560527705	Marionette	WARN	TimedPromise timed out after 500 ms: stacktrace:
bail@chrome://marionette/content/sync.js:224:64
JavaScript warning: https://zimbra.cucea.udg.mx/, line 6022: unreachable code after return statement

(firefox:12703): GLib-GObject-WARNING **: 13:48:49.340: gsignal.c:3492: signal name 'selection_changed' is invalid for instance '0x7f771003c880' of type 'MaiAtkType139'

(firefox:12703): GLib-GObject-WARNING **: 13:48:49.821: gsignal.c:3492: signal name 'load_complete' is invalid for instance '0x7f770f2ef600' of type 'MaiAtkType139'
JavaScript error: resource://gre/modules/WebProgressChild.jsm, line 61: TypeError: this.mm.content is null
console.error: BroadcastService: 
  receivedBroadcastMessage: handler for
  remote-settings/monitor_changes
  threw error:
  Message: Error: Polling for changes failed: NetworkError when attempting to fetch resource..
  Stack:
    remoteSettingsFunction/remoteSettings.pollChanges@resource://services-settings/remote-settings.js:190:13

1570561168307	Marionette	INFO	Stopped listening on port 40319
console.error: BroadcastService: 
  receivedBroadcastMessage: handler for
  remote-settings/monitor_changes
  threw error:
  Message: Error: Polling for changes failed: NetworkError when attempting to fetch resource..
  Stack:
    remoteSettingsFunction/remoteSettings.pollChanges@resource://services-settings/remote-settings.js:190:13

1571257772992	mozrunner::runner	INFO	Running command: "/usr/bin/firefox" "-marionette" "-foreground" "-no-remote" "-profile" "/tmp/rust_mozprofile.vRdxZKVoRclg"

(firefox:13315): Gtk-WARNING **: 15:29:33.088: Locale not supported by C library.
	Using the fallback 'C' locale.
1571257773591	addons.webextension.screenshots@mozilla.org	WARN	Loading extension 'screenshots@mozilla.org': Reading manifest: Invalid extension permission: mozillaAddons
1571257773591	addons.webextension.screenshots@mozilla.org	WARN	Loading extension 'screenshots@mozilla.org': Reading manifest: Invalid extension permission: resource://pdf.js/
1571257773591	addons.webextension.screenshots@mozilla.org	WARN	Loading extension 'screenshots@mozilla.org': Reading manifest: Invalid extension permission: about:reader*

(firefox:13315): IBUS-WARNING **: 15:29:34.251: Unable to connect to ibus: Could not connect: Connection refused

(/usr/lib64/firefox/firefox:13535): Gtk-WARNING **: 15:29:34.686: Locale not supported by C library.
	Using the fallback 'C' locale.

(/usr/lib64/firefox/firefox:13562): Gtk-WARNING **: 15:29:35.135: Locale not supported by C library.
	Using the fallback 'C' locale.
1571257776453	Marionette	INFO	Listening on port 40185
1571257776556	Marionette	WARN	TLS certificate errors will be ignored for this session

(/usr/lib64/firefox/firefox:13644): Gtk-WARNING **: 15:29:36.707: Locale not supported by C library.
	Using the fallback 'C' locale.

(firefox:13315): GLib-GObject-WARNING **: 15:29:39.467: gsignal.c:3492: signal name 'selection_changed' is invalid for instance '0x7f3254d96470' of type 'MaiAtkType139'

(firefox:13315): GLib-GObject-WARNING **: 15:29:39.875: gsignal.c:3492: signal name 'selection_changed' is invalid for instance '0x7f3254d96470' of type 'MaiAtkType139'

(firefox:13315): GLib-GObject-WARNING **: 15:29:40.152: gsignal.c:3492: signal name 'selection_changed' is invalid for instance '0x7f3254d966f0' of type 'MaiAtkType139'

(firefox:13315): GLib-GObject-WARNING **: 15:29:42.004: gsignal.c:3492: signal name 'selection_changed' is invalid for instance '0x7f32527c8510' of type 'MaiAtkType939'
1571257782260	Marionette	WARN	TimedPromise timed out after 500 ms: stacktrace:
bail@chrome://marionette/content/sync.js:224:64
JavaScript warning: https://zimbra.cucea.udg.mx/, line 6022: unreachable code after return statement

(firefox:13315): GLib-GObject-WARNING **: 15:29:44.896: gsignal.c:3492: signal name 'selection_changed' is invalid for instance '0x7f32527c8a10' of type 'MaiAtkType139'
JavaScript error: resource://gre/modules/WebProgressChild.jsm, line 61: TypeError: this.mm.content is null
1571257785172	Marionette	INFO	Stopped listening on port 40185
[Parent 13315, Gecko_IOThread] WARNING: pipe error (72): Connection reset by peer: file /builddir/build/BUILD/firefox-66.0.4/ipc/chromium/src/chrome/common/ipc_channel_posix.cc, line 357
1571257818903	mozrunner::runner	INFO	Running command: "/usr/bin/firefox" "-marionette" "-foreground" "-no-remote" "-profile" "/tmp/rust_mozprofile.XLJsAB3unB7W"

(firefox:13753): Gtk-WARNING **: 15:30:18.975: Locale not supported by C library.
	Using the fallback 'C' locale.
1571257819345	addons.webextension.screenshots@mozilla.org	WARN	Loading extension 'screenshots@mozilla.org': Reading manifest: Invalid extension permission: mozillaAddons
1571257819345	addons.webextension.screenshots@mozilla.org	WARN	Loading extension 'screenshots@mozilla.org': Reading manifest: Invalid extension permission: resource://pdf.js/
1571257819345	addons.webextension.screenshots@mozilla.org	WARN	Loading extension 'screenshots@mozilla.org': Reading manifest: Invalid extension permission: about:reader*

(firefox:13753): IBUS-WARNING **: 15:30:19.737: Unable to connect to ibus: Could not connect: Connection refused

(/usr/lib64/firefox/firefox:13935): Gtk-WARNING **: 15:30:19.900: Locale not supported by C library.
	Using the fallback 'C' locale.

(/usr/lib64/firefox/firefox:13962): Gtk-WARNING **: 15:30:20.109: Locale not supported by C library.
	Using the fallback 'C' locale.
1571257821117	Marionette	INFO	Listening on port 45635
1571257821220	Marionette	WARN	TLS certificate errors will be ignored for this session

(/usr/lib64/firefox/firefox:14036): Gtk-WARNING **: 15:30:21.252: Locale not supported by C library.
	Using the fallback 'C' locale.

(firefox:13753): GLib-GObject-WARNING **: 15:30:24.352: gsignal.c:3492: signal name 'selection_changed' is invalid for instance '0x7f0aacd591f0' of type 'MaiAtkType139'

(firefox:13753): GLib-GObject-WARNING **: 15:30:24.762: gsignal.c:3492: signal name 'selection_changed' is invalid for instance '0x7f0aacd591f0' of type 'MaiAtkType139'

(firefox:13753): GLib-GObject-WARNING **: 15:30:25.065: gsignal.c:3492: signal name 'selection_changed' is invalid for instance '0x7f0aaced3100' of type 'MaiAtkType139'

(firefox:13753): GLib-GObject-WARNING **: 15:30:26.707: gsignal.c:3492: signal name 'selection_changed' is invalid for instance '0x7f0ab0e7fa60' of type 'MaiAtkType939'
1571257827128	Marionette	WARN	TimedPromise timed out after 500 ms: stacktrace:
bail@chrome://marionette/content/sync.js:224:64
JavaScript warning: https://zimbra.cucea.udg.mx/, line 6022: unreachable code after return statement

(firefox:13753): GLib-GObject-WARNING **: 15:30:28.842: gsignal.c:3492: signal name 'selection_changed' is invalid for instance '0x7f0aacdf92e0' of type 'MaiAtkType139'
JavaScript error: https://zimbra.cucea.udg.mx/ line 1688 > eval, line 5646: NS_ERROR_FAILURE: 
1571257829451	Marionette	INFO	Stopped listening on port 45635
1571257936901	mozrunner::runner	INFO	Running command: "/usr/bin/firefox" "-marionette" "-foreground" "-no-remote" "-profile" "/tmp/rust_mozprofile.J4lc7viRJEa0"

(firefox:14225): Gtk-WARNING **: 15:32:16.967: Locale not supported by C library.
	Using the fallback 'C' locale.
1571257937281	addons.webextension.screenshots@mozilla.org	WARN	Loading extension 'screenshots@mozilla.org': Reading manifest: Invalid extension permission: mozillaAddons
1571257937281	addons.webextension.screenshots@mozilla.org	WARN	Loading extension 'screenshots@mozilla.org': Reading manifest: Invalid extension permission: resource://pdf.js/
1571257937281	addons.webextension.screenshots@mozilla.org	WARN	Loading extension 'screenshots@mozilla.org': Reading manifest: Invalid extension permission: about:reader*

(firefox:14225): IBUS-WARNING **: 15:32:17.527: Unable to connect to ibus: Could not connect: Connection refused

(/usr/lib64/firefox/firefox:14412): Gtk-WARNING **: 15:32:17.691: Locale not supported by C library.
	Using the fallback 'C' locale.

(/usr/lib64/firefox/firefox:14435): Gtk-WARNING **: 15:32:17.857: Locale not supported by C library.
	Using the fallback 'C' locale.
1571257938540	Marionette	INFO	Listening on port 40363
1571257938657	Marionette	WARN	TLS certificate errors will be ignored for this session

(/usr/lib64/firefox/firefox:14516): Gtk-WARNING **: 15:32:19.009: Locale not supported by C library.
	Using the fallback 'C' locale.

(firefox:14225): GLib-GObject-WARNING **: 15:32:19.983: gsignal.c:3492: signal name 'selection_changed' is invalid for instance '0x7efe5aa77f60' of type 'MaiAtkType139'

(firefox:14225): GLib-GObject-WARNING **: 15:32:25.399: gsignal.c:3492: signal name 'selection_changed' is invalid for instance '0x7efe5aa77f60' of type 'MaiAtkType139'

(firefox:14225): GLib-GObject-WARNING **: 15:32:25.684: gsignal.c:3492: signal name 'selection_changed' is invalid for instance '0x7efe5acd7650' of type 'MaiAtkType139'

(firefox:14225): GLib-GObject-WARNING **: 15:32:27.263: gsignal.c:3492: signal name 'selection_changed' is invalid for instance '0x7efe706d0740' of type 'MaiAtkType939'
1571257947675	Marionette	WARN	TimedPromise timed out after 500 ms: stacktrace:
bail@chrome://marionette/content/sync.js:224:64
JavaScript warning: https://zimbra.cucea.udg.mx/, line 6022: unreachable code after return statement

(firefox:14225): GLib-GObject-WARNING **: 15:32:29.313: gsignal.c:3492: signal name 'selection_changed' is invalid for instance '0x7efe70936060' of type 'MaiAtkType139'

(firefox:14225): GLib-GObject-WARNING **: 15:32:29.811: gsignal.c:3492: signal name 'load_complete' is invalid for instance '0x7efe6a2204c0' of type 'MaiAtkType139'
JavaScript error: resource://gre/modules/WebProgressChild.jsm, line 61: TypeError: this.mm.content is null
console.error: BroadcastService: 
  receivedBroadcastMessage: handler for
  remote-settings/monitor_changes
  threw error:
  Message: Error: Polling for changes failed: NetworkError when attempting to fetch resource..
  Stack:
    remoteSettingsFunction/remoteSettings.pollChanges@resource://services-settings/remote-settings.js:190:13


(firefox:14225): GLib-GObject-WARNING **: 15:35:01.252: gsignal.c:3492: signal name 'load_complete' is invalid for instance '0x7efe587050b0' of type 'MaiAtkType13b'

(firefox:14225): GLib-GObject-WARNING **: 15:35:01.563: gsignal.c:3492: signal name 'selection_changed' is invalid for instance '0x7efe587050b0' of type 'MaiAtkType13b'

(firefox:14225): GLib-GObject-WARNING **: 15:35:20.217: gsignal.c:3492: signal name 'selection_changed' is invalid for instance '0x7efe5901f5b0' of type 'MaiAtkType139'
JavaScript warning: https://zimbra.cucea.udg.mx/, line 6022: unreachable code after return statement

(firefox:14225): GLib-GObject-WARNING **: 15:36:11.322: gsignal.c:3492: signal name 'selection_changed' is invalid for instance '0x7efe58f4eb50' of type 'MaiAtkType139'

(firefox:14225): GLib-GObject-WARNING **: 15:36:11.716: gsignal.c:3492: signal name 'load_complete' is invalid for instance '0x7efe5c38f880' of type 'MaiAtkType139'

(firefox:14225): GLib-GObject-WARNING **: 15:36:16.481: gsignal.c:3492: signal name 'selection_changed' is invalid for instance '0x7efe58782830' of type 'MaiAtkType13b'
JavaScript warning: https://zimbra.cucea.udg.mx/ line 1688 > eval, line 6022: unreachable code after return statement
1571258191003	Marionette	WARN	TimedPromise timed out after 500 ms: stacktrace:
bail@chrome://marionette/content/sync.js:224:64

(firefox:14225): GLib-GObject-WARNING **: 15:36:36.511: gsignal.c:3492: signal name 'selection_changed' is invalid for instance '0x7efe590da6f0' of type 'MaiAtkType139'
1571258206661	Marionette	INFO	Stopped listening on port 40363
1571258741902	mozrunner::runner	INFO	Running command: "/usr/bin/firefox" "-marionette" "-foreground" "-no-remote" "-profile" "/tmp/rust_mozprofile.SBIrtxI5Xs4g"

(firefox:15021): Gtk-WARNING **: 15:45:41.968: Locale not supported by C library.
	Using the fallback 'C' locale.
1571258742341	addons.webextension.screenshots@mozilla.org	WARN	Loading extension 'screenshots@mozilla.org': Reading manifest: Invalid extension permission: mozillaAddons
1571258742341	addons.webextension.screenshots@mozilla.org	WARN	Loading extension 'screenshots@mozilla.org': Reading manifest: Invalid extension permission: resource://pdf.js/
1571258742341	addons.webextension.screenshots@mozilla.org	WARN	Loading extension 'screenshots@mozilla.org': Reading manifest: Invalid extension permission: about:reader*

(firefox:15021): IBUS-WARNING **: 15:45:42.624: Unable to connect to ibus: Could not connect: Connection refused

(/usr/lib64/firefox/firefox:15182): Gtk-WARNING **: 15:45:42.794: Locale not supported by C library.
	Using the fallback 'C' locale.

(/usr/lib64/firefox/firefox:15206): Gtk-WARNING **: 15:45:42.970: Locale not supported by C library.
	Using the fallback 'C' locale.
1571258744180	Marionette	INFO	Listening on port 45509
1571258744236	Marionette	WARN	TLS certificate errors will be ignored for this session

(/usr/lib64/firefox/firefox:15281): Gtk-WARNING **: 15:45:44.425: Locale not supported by C library.
	Using the fallback 'C' locale.

(firefox:15021): GLib-GObject-WARNING **: 15:45:45.747: gsignal.c:3492: signal name 'selection_changed' is invalid for instance '0x7fb557b9a830' of type 'MaiAtkType139'

(firefox:15021): GLib-GObject-WARNING **: 15:45:46.001: gsignal.c:3492: signal name 'selection_changed' is invalid for instance '0x7fb557b9a830' of type 'MaiAtkType139'

(firefox:15021): GLib-GObject-WARNING **: 15:45:46.280: gsignal.c:3492: signal name 'selection_changed' is invalid for instance '0x7fb557b9ab50' of type 'MaiAtkType139'

(firefox:15021): GLib-GObject-WARNING **: 15:45:47.947: gsignal.c:3492: signal name 'selection_changed' is invalid for instance '0x7fb55b2fb150' of type 'MaiAtkType939'
1571258748375	Marionette	WARN	TimedPromise timed out after 500 ms: stacktrace:
bail@chrome://marionette/content/sync.js:224:64
JavaScript warning: https://zimbra.cucea.udg.mx/, line 6022: unreachable code after return statement

(firefox:15021): GLib-GObject-WARNING **: 15:45:50.019: gsignal.c:3492: signal name 'selection_changed' is invalid for instance '0x7fb55bd71790' of type 'MaiAtkType139'

(firefox:15021): GLib-GObject-WARNING **: 15:45:50.509: gsignal.c:3492: signal name 'load_complete' is invalid for instance '0x7fb557032380' of type 'MaiAtkType139'
JavaScript error: resource://gre/modules/WebProgressChild.jsm, line 61: TypeError: this.mm.content is null
console.error: BroadcastService: 
  receivedBroadcastMessage: handler for
  remote-settings/monitor_changes
  threw error:
  Message: Error: Polling for changes failed: NetworkError when attempting to fetch resource..
  Stack:
    remoteSettingsFunction/remoteSettings.pollChanges@resource://services-settings/remote-settings.js:190:13

[Parent 15021, Gecko_IOThread] WARNING: pipe error (75): Connection reset by peer: file /builddir/build/BUILD/firefox-66.0.4/ipc/chromium/src/chrome/common/ipc_channel_posix.cc, line 357
1571259686540	Marionette	INFO	Stopped listening on port 45509
